<?xml version="1.0" encoding="UTF-8"?>
<!-- Generated by org.testng.reporters.JUnitXMLReporter -->
<testsuite ignored="1" hostname="DESKTOP-G1OCVHV" failures="0" tests="2" name="Test" time="84.996" errors="0" timestamp="2025-06-27T13:15:35 IST">
  <testcase classname="testCases.TC001_Accregitrationtest" name="varify_account_registration" time="9.227"/>
  <testcase classname="testCases.TC002_LoginTest" name="verify_Login" time="3.045"/>
  <testcase classname="testCases.TC003_LoginDDT" name="varify_loginDDT" time="0.0">
    <ignored/>
  </testcase> <!-- varify_loginDDT -->
</testsuite> <!-- Test -->
