<?xml version="1.0" encoding="UTF-8"?>
<testng-results ignored="1" total="3" passed="2" failed="0" skipped="0">
  <reporter-output>
  </reporter-output>
  <suite started-at="2025-06-27T13:14:06 IST" name="Master Suite" finished-at="2025-06-27T13:15:31 IST" duration-ms="84996">
    <groups>
      <group name="Master">
        <method signature="TC001_Accregitrationtest.varify_account_registration()[pri:0, instance:testCases.TC001_Accregitrationtest@3a52dba3]" name="varify_account_registration" class="testCases.TC001_Accregitrationtest"/>
        <method signature="TC002_LoginTest.verify_Login()[pri:0, instance:testCases.TC002_LoginTest@2925bf5b]" name="verify_Login" class="testCases.TC002_LoginTest"/>
      </group> <!-- Master -->
      <group name="Sanity">
        <method signature="TC002_LoginTest.verify_Login()[pri:0, instance:testCases.TC002_LoginTest@2925bf5b]" name="verify_Login" class="testCases.TC002_LoginTest"/>
      </group> <!-- Sanity -->
      <group name="Regression">
        <method signature="TC001_Accregitrationtest.varify_account_registration()[pri:0, instance:testCases.TC001_Accregitrationtest@3a52dba3]" name="varify_account_registration" class="testCases.TC001_Accregitrationtest"/>
      </group> <!-- Regression -->
    </groups>
    <test started-at="2025-06-27T13:14:06 IST" name="Test" finished-at="2025-06-27T13:15:31 IST" duration-ms="84996">
      <class name="testCases.TC002_LoginTest">
        <test-method is-config="true" signature="setup(java.lang.String,java.lang.String)[pri:0, instance:testCases.TC002_LoginTest@2925bf5b]" started-at="2025-06-27T13:14:47 IST" name="setup" finished-at="2025-06-27T13:15:27 IST" duration-ms="40243" status="PASS">
          <params>
            <param index="0">
              <value>
                <![CDATA[Windows]]>
              </value>
            </param>
            <param index="1">
              <value>
                <![CDATA[chrome]]>
              </value>
            </param>
          </params>
          <reporter-output>
          </reporter-output>
        </test-method> <!-- setup -->
        <test-method signature="verify_Login()[pri:0, instance:testCases.TC002_LoginTest@2925bf5b]" started-at="2025-06-27T13:15:27 IST" name="verify_Login" finished-at="2025-06-27T13:15:30 IST" duration-ms="3045" status="PASS">
          <reporter-output>
          </reporter-output>
        </test-method> <!-- verify_Login -->
        <test-method is-config="true" signature="tearDown()[pri:0, instance:testCases.TC002_LoginTest@2925bf5b]" started-at="2025-06-27T13:15:30 IST" name="tearDown" finished-at="2025-06-27T13:15:31 IST" duration-ms="940" status="PASS">
          <reporter-output>
          </reporter-output>
        </test-method> <!-- tearDown -->
      </class> <!-- testCases.TC002_LoginTest -->
      <class name="testCases.TC001_Accregitrationtest">
        <test-method is-config="true" signature="setup(java.lang.String,java.lang.String)[pri:0, instance:testCases.TC001_Accregitrationtest@3a52dba3]" started-at="2025-06-27T13:14:07 IST" name="setup" finished-at="2025-06-27T13:14:37 IST" duration-ms="30043" status="PASS">
          <params>
            <param index="0">
              <value>
                <![CDATA[Windows]]>
              </value>
            </param>
            <param index="1">
              <value>
                <![CDATA[chrome]]>
              </value>
            </param>
          </params>
          <reporter-output>
          </reporter-output>
        </test-method> <!-- setup -->
        <test-method signature="varify_account_registration()[pri:0, instance:testCases.TC001_Accregitrationtest@3a52dba3]" started-at="2025-06-27T13:14:37 IST" name="varify_account_registration" finished-at="2025-06-27T13:14:46 IST" duration-ms="9227" status="PASS">
          <reporter-output>
          </reporter-output>
        </test-method> <!-- varify_account_registration -->
        <test-method is-config="true" signature="tearDown()[pri:0, instance:testCases.TC001_Accregitrationtest@3a52dba3]" started-at="2025-06-27T13:14:46 IST" name="tearDown" finished-at="2025-06-27T13:14:47 IST" duration-ms="800" status="PASS">
          <reporter-output>
          </reporter-output>
        </test-method> <!-- tearDown -->
      </class> <!-- testCases.TC001_Accregitrationtest -->
    </test> <!-- Test -->
  </suite> <!-- Master Suite -->
</testng-results>
